<class 'pandas.core.frame.DataFrame'>
RangeIndex: 700000 entries, 0 to 699999
Data columns (total 6 columns):
 #   Column                   Non-Null Count   Dtype  
---  ------                   --------------   -----  
 0   bmi                      700000 non-null  float64
 1   waist_to_hip_ratio       700000 non-null  float64
 2   cholesterol_total        700000 non-null  int64  
 3   triglycerides            700000 non-null  int64  
 4   family_history_diabetes  700000 non-null  int64  
 5   diagnosed_diabetes       700000 non-null  float64
dtypes: float64(3), int64(3)
memory usage: 32.0 MB
None

前5行数据:
    bmi  waist_to_hip_ratio  cholesterol_total  triglycerides  family_history_diabetes  diagnosed_diabetes
0  33.4                0.93                199            102                        0                 1.0
1  23.8                0.83                199            124                        0                 1.0
2  24.1                0.83                188            108                        0                 0.0
3  26.6                0.83                182            123                        0                 1.0
4  28.8                0.90                206            124                        0                 1.0

特征形状: (700000, 5), 标签形状: (700000, 1)
标准化后数据示例 (前5行):
[[ 2.6305838   1.875577    0.7280694  -0.8521576  -0.41909748]
 [-0.72523606 -0.75739914  0.7280694   0.0371129  -0.41909748]
 [-0.6203663  -0.75739914  0.07060016 -0.6096293  -0.41909748]
 [ 0.25354487 -0.75739914 -0.28801945 -0.00330849 -0.41909748]
 [ 1.0225863   1.0856836   1.146459    0.0371129  -0.41909748]]

=== 训练逻辑斯蒂回归 ===
使用设备: cuda
Epoch 10/200 | Average loss: 0.6506
Epoch 20/200 | Average loss: 0.6493
Epoch 30/200 | Average loss: 0.6500
Epoch 40/200 | Average loss: 0.6487
Epoch 50/200 | Average loss: 0.6507
Epoch 60/200 | Average loss: 0.6504
Epoch 70/200 | Average loss: 0.6494
Epoch 80/200 | Average loss: 0.6493
Epoch 90/200 | Average loss: 0.6504
Epoch 100/200 | Average loss: 0.6479
Epoch 110/200 | Average loss: 0.6484
Epoch 120/200 | Average loss: 0.6495
Epoch 130/200 | Average loss: 0.6475
Epoch 140/200 | Average loss: 0.6495
Epoch 150/200 | Average loss: 0.6501
Epoch 160/200 | Average loss: 0.6508
Epoch 170/200 | Average loss: 0.6511
Epoch 180/200 | Average loss: 0.6502
Epoch 190/200 | Average loss: 0.6489
Epoch 200/200 | Average loss: 0.6494

=== 测试逻辑斯蒂回归 ===
==================================================
测试结果(设备: cuda): 
平均损失: 0.6632
精确率: 0.7143
召回率: 1.0000
F1分数: 0.8333
准确率: 0.6219
==================================================

=== 训练MLP ===
使用设备: cuda
Epoch 10/200 | Average loss: 0.6889
Epoch 20/200 | Average loss: 0.7199
Epoch 30/200 | Average loss: 0.7393
Epoch 40/200 | Average loss: 0.7099
Epoch 50/200 | Average loss: 0.6823
Epoch 60/200 | Average loss: 0.7597
Epoch 70/200 | Average loss: 0.6849
Epoch 80/200 | Average loss: 0.7130
Epoch 90/200 | Average loss: 0.6961
Epoch 100/200 | Average loss: 0.7983
Epoch 110/200 | Average loss: 0.6978
Epoch 120/200 | Average loss: 0.7841
Epoch 130/200 | Average loss: 0.6930
Epoch 140/200 | Average loss: 0.8033
Epoch 150/200 | Average loss: 0.6910
Epoch 160/200 | Average loss: 0.6768
Epoch 170/200 | Average loss: 0.6883
Epoch 180/200 | Average loss: 0.6848
Epoch 190/200 | Average loss: 0.6963
Epoch 200/200 | Average loss: 0.7162

=== 测试MLP ===
==================================================
测试结果(设备: cuda): 
平均损失: 0.6625
精确率: 0.6250
召回率: 1.0000
F1分数: 0.7692
准确率: 0.6233
==================================================

=== 训练随机森林 ===

=== 测试随机森林 ===
==================================================
随机森林测试结果:
准确率: 0.6336
精确率: 0.6458
召回率: 0.9126
F1分数: 0.7564