    n_estimators  max_depth  accuracy  precision    recall  f1_score
0            100          5  0.628321   0.634315  0.953221  0.761737
1            100         10  0.633564   0.645816  0.912584  0.756367
2            100         15  0.634121   0.648275  0.902820  0.754661
3            100         20  0.624707   0.651156  0.857015  0.740036
4            100         25  0.605243   0.653877  0.779031  0.710988
5            200          5  0.628457   0.634401  0.953255  0.761810
6            200         10  0.633357   0.645858  0.911644  0.756073
7            200         15  0.634200   0.648146  0.903703  0.754882
8            200         20  0.624764   0.650881  0.858413  0.740379
9            200         25  0.606536   0.654227  0.782079  0.712462
10           300          5  0.628407   0.634289  0.953691  0.761868
11           300         10  0.633007   0.645665  0.911335  0.755835
12           300         15  0.634014   0.647959  0.903932  0.754835
13           300         20  0.624921   0.650754  0.859513  0.740706
14           300         25  0.607071   0.654431  0.783110  0.713011
15           400          5  0.628314   0.634222  0.953714  0.761827
16           400         10  0.633236   0.645667  0.912137  0.756112
17           400         15  0.633943   0.647906  0.903932  0.754799
18           400         20  0.624950   0.650656  0.860041  0.740838
19           400         25  0.607221   0.654420  0.783661  0.713233
20           500          5  0.628264   0.634166  0.953840  0.761827
21           500         10  0.633321   0.645622  0.912664  0.756261
22           500         15  0.634021   0.647962  0.903943  0.754841
23           500         20  0.624757   0.650439  0.860327  0.740803
24           500         25  0.607807   0.654679  0.784646  0.713795

waist_to_hip_ratio: 0.0239
cholesterol_total: 0.0620
triglycerides: 0.0788
bmi: 0.1125
family_history_diabetes: 0.7228